Using pre-set license
Built from '2021.3/staging' branch; Version is '2021.3.13f1 (9e7d58001ecf) revision 10386776'; Using compiler version '192829333'; Build Type 'Release'
OS: 'Windows 11  (10.0.22621) 64bit ProfessionalWorkstation' Language: 'de' Physical Memory: 32687 MB
BatchMode: 1, IsHumanControllingUs: 0, StartBugReporterOnCrash: 0, Is64bit: 1, IsPro: 1

COMMAND LINE ARGUMENTS:
E:\2021.3.13f1\Editor\Unity.exe
-adb2
-batchMode
-noUpm
-name
AssetImportWorker2
-projectPath
E:/Unity_Projekte/Github/Buchstaben_lernen
-logFile
Logs/AssetImportWorker2.log
-srvPort
53541
Successfully changed project path to: E:/Unity_Projekte/Github/Buchstaben_lernen
E:/Unity_Projekte/Github/Buchstaben_lernen
[UnityMemory] Configuration Parameters - Can be set up in boot.config
    "memorysetup-bucket-allocator-granularity=16"
    "memorysetup-bucket-allocator-bucket-count=8"
    "memorysetup-bucket-allocator-block-size=33554432"
    "memorysetup-bucket-allocator-block-count=8"
    "memorysetup-main-allocator-block-size=16777216"
    "memorysetup-thread-allocator-block-size=16777216"
    "memorysetup-gfx-main-allocator-block-size=16777216"
    "memorysetup-gfx-thread-allocator-block-size=16777216"
    "memorysetup-cache-allocator-block-size=4194304"
    "memorysetup-typetree-allocator-block-size=2097152"
    "memorysetup-profiler-bucket-allocator-granularity=16"
    "memorysetup-profiler-bucket-allocator-bucket-count=8"
    "memorysetup-profiler-bucket-allocator-block-size=33554432"
    "memorysetup-profiler-bucket-allocator-block-count=8"
    "memorysetup-profiler-allocator-block-size=16777216"
    "memorysetup-profiler-editor-allocator-block-size=1048576"
    "memorysetup-temp-allocator-size-main=16777216"
    "memorysetup-job-temp-allocator-block-size=2097152"
    "memorysetup-job-temp-allocator-block-size-background=1048576"
    "memorysetup-job-temp-allocator-reduction-small-platforms=262144"
    "memorysetup-temp-allocator-size-background-worker=32768"
    "memorysetup-temp-allocator-size-job-worker=262144"
    "memorysetup-temp-allocator-size-preload-manager=33554432"
    "memorysetup-temp-allocator-size-nav-mesh-worker=65536"
    "memorysetup-temp-allocator-size-audio-worker=65536"
    "memorysetup-temp-allocator-size-cloud-worker=32768"
    "memorysetup-temp-allocator-size-gi-baking-worker=262144"
    "memorysetup-temp-allocator-size-gfx=262144"
Refreshing native plugins compatible for Editor in 85.20 ms, found 6 plugins.
Preloading 0 native plugins for Editor in 0.00 ms.
Initialize engine version: 2021.3.13f1 (9e7d58001ecf)
[Subsystems] Discovering subsystems at path E:/2021.3.13f1/Editor/Data/Resources/UnitySubsystems
[Subsystems] Discovering subsystems at path E:/Unity_Projekte/Github/Buchstaben_lernen/Assets
GfxDevice: creating device client; threaded=0; jobified=0
Direct3D:
    Version:  Direct3D 11.0 [level 11.1]
    Renderer: NVIDIA GeForce RTX 3080 (ID=0x2206)
    Vendor:   NVIDIA
    VRAM:     10067 MB
    Driver:   31.0.15.2756
Initialize mono
Mono path[0] = 'E:/2021.3.13f1/Editor/Data/Managed'
Mono path[1] = 'E:/2021.3.13f1/Editor/Data/MonoBleedingEdge/lib/mono/unityjit-win32'
Mono config path = 'E:/2021.3.13f1/Editor/Data/MonoBleedingEdge/etc'
Using monoOptions --debugger-agent=transport=dt_socket,embedding=1,server=y,suspend=n,address=127.0.0.1:56276
Begin MonoManager ReloadAssembly
Registering precompiled unity dll's ...
Register platform support module: E:/2021.3.13f1/Editor/Data/PlaybackEngines/WebGLSupport/UnityEditor.WebGL.Extensions.dll
Register platform support module: E:/2021.3.13f1/Editor/Data/PlaybackEngines/WindowsStandaloneSupport/UnityEditor.WindowsStandalone.Extensions.dll
Registered in 0.001535 seconds.
Native extension for WindowsStandalone target not found
Native extension for WebGL target not found
Refreshing native plugins compatible for Editor in 81.05 ms, found 6 plugins.
Preloading 0 native plugins for Editor in 0.00 ms.
Mono: successfully reloaded assembly
- Completed reload, in  0.500 seconds
Domain Reload Profiling:
	ReloadAssembly (501ms)
		BeginReloadAssembly (64ms)
			ExecutionOrderSort (0ms)
			DisableScriptedObjects (0ms)
			BackupInstance (0ms)
			ReleaseScriptingObjects (0ms)
			CreateAndSetChildDomain (1ms)
		EndReloadAssembly (361ms)
			LoadAssemblies (64ms)
			RebuildTransferFunctionScriptingTraits (0ms)
			SetupTypeCache (80ms)
			ReleaseScriptCaches (0ms)
			RebuildScriptCaches (20ms)
			SetupLoadedEditorAssemblies (226ms)
				LogAssemblyErrors (0ms)
				InitializePlatformSupportModulesInManaged (5ms)
				SetLoadedEditorAssemblies (0ms)
				RefreshPlugins (81ms)
				BeforeProcessingInitializeOnLoad (1ms)
				ProcessInitializeOnLoadAttributes (106ms)
				ProcessInitializeOnLoadMethodAttributes (32ms)
				AfterProcessingInitializeOnLoad (0ms)
				EditorAssembliesLoaded (0ms)
			ExecutionOrderSort2 (0ms)
			AwakeInstancesAfterBackupRestoration (0ms)
Platform modules already initialized, skipping
Registering precompiled user dll's ...
Registered in 0.006422 seconds.
Begin MonoManager ReloadAssembly
Symbol file LoadedFromMemory doesn't match image E:\Unity_Projekte\Github\Buchstaben_lernen\Library\PackageCache\com.unity.visualscripting@1.7.8\Editor\VisualScripting.Core\Dependencies\YamlDotNet\Unity.VisualScripting.YamlDotNet.dll
Symbol file LoadedFromMemory doesn't match image E:\Unity_Projekte\Github\Buchstaben_lernen\Library\PackageCache\com.unity.visualscripting@1.7.8\Editor\VisualScripting.Core\Dependencies\DotNetZip\Unity.VisualScripting.IonicZip.dll
Native extension for WindowsStandalone target not found
Native extension for WebGL target not found
Refreshing native plugins compatible for Editor in 81.74 ms, found 6 plugins.
Preloading 0 native plugins for Editor in 0.00 ms.
Package Manager log level set to [2]
Mono: successfully reloaded assembly
- Completed reload, in  0.973 seconds
Domain Reload Profiling:
	ReloadAssembly (973ms)
		BeginReloadAssembly (93ms)
			ExecutionOrderSort (0ms)
			DisableScriptedObjects (4ms)
			BackupInstance (0ms)
			ReleaseScriptingObjects (0ms)
			CreateAndSetChildDomain (13ms)
		EndReloadAssembly (798ms)
			LoadAssemblies (87ms)
			RebuildTransferFunctionScriptingTraits (0ms)
			SetupTypeCache (214ms)
			ReleaseScriptCaches (1ms)
			RebuildScriptCaches (49ms)
			SetupLoadedEditorAssemblies (431ms)
				LogAssemblyErrors (0ms)
				InitializePlatformSupportModulesInManaged (3ms)
				SetLoadedEditorAssemblies (0ms)
				RefreshPlugins (82ms)
				BeforeProcessingInitializeOnLoad (79ms)
				ProcessInitializeOnLoadAttributes (202ms)
				ProcessInitializeOnLoadMethodAttributes (64ms)
				AfterProcessingInitializeOnLoad (2ms)
				EditorAssembliesLoaded (0ms)
			ExecutionOrderSort2 (0ms)
			AwakeInstancesAfterBackupRestoration (4ms)
Platform modules already initialized, skipping
========================================================================
Worker process is ready to serve import requests
Launched and connected shader compiler UnityShaderCompiler.exe after 0.02 seconds
Refreshing native plugins compatible for Editor in 0.74 ms, found 6 plugins.
Preloading 0 native plugins for Editor in 0.00 ms.
Unloading 5323 Unused Serialized files (Serialized files now loaded: 0)
Unloading 37 unused Assets / (0.7 MB). Loaded Objects now: 5776.
Memory consumption went from 210.4 MB to 209.7 MB.
Total: 3.196500 ms (FindLiveObjects: 0.335500 ms CreateObjectMapping: 0.296600 ms MarkObjects: 2.226500 ms  DeleteObjects: 0.337400 ms)

AssetImportParameters requested are different than current active one (requested -> active):
  custom:video-decoder-ogg-theora: a1e56fd34408186e4bbccfd4996cb3dc -> 
  custom:container-muxer-webm: aa71ff27fc2769a1b78a27578f13a17b -> 
  custom:container-demuxer-webm: 4f35f7cbe854078d1ac9338744f61a02 -> 
  custom:video-encoder-webm-vp8: eb34c28f22e8b96e1ab97ce403110664 -> 
  custom:audio-encoder-webm-vorbis: bf7c407c2cedff20999df2af8eb42d56 -> 
  custom:framework-win-MediaFoundation: 216162199b28c13a410421893ffa2e32 -> 
  custom:container-demuxer-ogg: 62fdf1f143b41e24485cea50d1cbac27 -> 
  custom:video-decoder-webm-vp8: 9c59270c3fd7afecdb556c50c9e8de78 -> 
  custom:audio-decoder-ogg-vorbis: bf7c407c2cedff20999df2af8eb42d56 -> 
========================================================================
Received Import Request.
  Time since last request: 4768.576635 seconds.
  path: Assets/SteamVR/Models/Materials
  artifactKey: Guid(e22ff154806908042974022eba8106a6) Importer(815301076,1909f56bfc062723c751e8b465ee728b)
Start importing Assets/SteamVR/Models/Materials using Guid(e22ff154806908042974022eba8106a6) Importer(815301076,1909f56bfc062723c751e8b465ee728b)  -> (artifact id: 'e3cf60bc1f2e83219d99e30e1d89d2cd') in 0.006596 seconds 
========================================================================
Received Import Request.
  Time since last request: 0.334437 seconds.
  path: Assets/SteamVR/Models/Materials/Abyss.mat
  artifactKey: Guid(9b01d7c0e4dfa854eb5dfe2624e27c0f) Importer(815301076,1909f56bfc062723c751e8b465ee728b)
Start importing Assets/SteamVR/Models/Materials/Abyss.mat using Guid(9b01d7c0e4dfa854eb5dfe2624e27c0f) Importer(815301076,1909f56bfc062723c751e8b465ee728b)  -> (artifact id: '97b570d15ffaa1cedd1efdf898f0f952') in 0.208716 seconds 
========================================================================
Received Import Request.
  Time since last request: 18.961680 seconds.
  path: Assets/SteamVR/InteractionSystem/Longbow/PhysicMaterials/ArcheryTargetPhysMaterial.physicMaterial
  artifactKey: Guid(c509d5711dc2cc346be2763cd92383ca) Importer(815301076,1909f56bfc062723c751e8b465ee728b)
Start importing Assets/SteamVR/InteractionSystem/Longbow/PhysicMaterials/ArcheryTargetPhysMaterial.physicMaterial using Guid(c509d5711dc2cc346be2763cd92383ca) Importer(815301076,1909f56bfc062723c751e8b465ee728b)  -> (artifact id: '0d4a3385f0a54d025275fa84e12535a9') in 0.004716 seconds 
========================================================================
Received Import Request.
  Time since last request: 0.000023 seconds.
  path: Assets/SteamVR/InteractionSystem/Longbow/Sounds/ArrowFallGround07.wav
  artifactKey: Guid(128eba63f6457ff41a65fbae1979778e) Importer(815301076,1909f56bfc062723c751e8b465ee728b)
Start importing Assets/SteamVR/InteractionSystem/Longbow/Sounds/ArrowFallGround07.wav using Guid(128eba63f6457ff41a65fbae1979778e) Importer(815301076,1909f56bfc062723c751e8b465ee728b)  -> (artifact id: 'f056b83f819b3c8a02853d9fef980e26') in 0.029283 seconds 
========================================================================
Received Import Request.
  Time since last request: 0.000021 seconds.
  path: Assets/SteamVR/InteractionSystem/Samples/Materials/Grey.mat
  artifactKey: Guid(07bcd4e0597eb0648b7a45624f2e0594) Importer(815301076,1909f56bfc062723c751e8b465ee728b)
Start importing Assets/SteamVR/InteractionSystem/Samples/Materials/Grey.mat using Guid(07bcd4e0597eb0648b7a45624f2e0594) Importer(815301076,1909f56bfc062723c751e8b465ee728b)  -> (artifact id: '1ed24469a71b4ac3595fad07ca3349cf') in 0.012002 seconds 
========================================================================
Received Import Request.
  Time since last request: 0.000016 seconds.
  path: Assets/SteamVR/InteractionSystem/Hints/Textures/HintBackground.png
  artifactKey: Guid(5697c26ee2ef0c848996640f6a3d3432) Importer(815301076,1909f56bfc062723c751e8b465ee728b)
Start importing Assets/SteamVR/InteractionSystem/Hints/Textures/HintBackground.png using Guid(5697c26ee2ef0c848996640f6a3d3432) Importer(815301076,1909f56bfc062723c751e8b465ee728b)  -> (artifact id: '324e39b10e19dcc1a20720c2f29ccc4d') in 0.020608 seconds 
========================================================================
Received Import Request.
  Time since last request: 0.000017 seconds.
  path: Assets/SteamVR/InteractionSystem/Longbow/Sounds/ArrowFallGround03.wav
  artifactKey: Guid(c848d318c783da14d920cdb75f1ee7ac) Importer(815301076,1909f56bfc062723c751e8b465ee728b)
Start importing Assets/SteamVR/InteractionSystem/Longbow/Sounds/ArrowFallGround03.wav using Guid(c848d318c783da14d920cdb75f1ee7ac) Importer(815301076,1909f56bfc062723c751e8b465ee728b)  -> (artifact id: 'b7edd2d03bbe314cb00fdd30d56c0a56') in 0.004903 seconds 
========================================================================
Received Import Request.
  Time since last request: 0.000015 seconds.
  path: Assets/SteamVR/Input/Editor/Resources/Icons/handmask_Ring.png
  artifactKey: Guid(c3b3083cc66322049822d98fa4c15fd6) Importer(815301076,1909f56bfc062723c751e8b465ee728b)
Start importing Assets/SteamVR/Input/Editor/Resources/Icons/handmask_Ring.png using Guid(c3b3083cc66322049822d98fa4c15fd6) Importer(815301076,1909f56bfc062723c751e8b465ee728b)  -> (artifact id: '65cd9c1e7529118c5369b1f2c3609979') in 0.005565 seconds 
========================================================================
Received Import Request.
  Time since last request: 0.000019 seconds.
  path: Assets/SteamVR/InteractionSystem/Samples/Squishy/Textures/gooNoise.png
  artifactKey: Guid(1250643187cd6e84f873b5efc80f049d) Importer(815301076,1909f56bfc062723c751e8b465ee728b)
Start importing Assets/SteamVR/InteractionSystem/Samples/Squishy/Textures/gooNoise.png using Guid(1250643187cd6e84f873b5efc80f049d) Importer(815301076,1909f56bfc062723c751e8b465ee728b)  -> (artifact id: 'f1b06a93c8026bc872b7dfc45df46139') in 0.006092 seconds 
========================================================================
Received Import Request.
  Time since last request: 0.000018 seconds.
  path: Assets/SteamVR/Input/Editor/Resources/Icons/BlenderBehaviour_Analog_Icon.png
  artifactKey: Guid(aa701b1f3ae438e469d0ad4f122a0633) Importer(815301076,1909f56bfc062723c751e8b465ee728b)
Start importing Assets/SteamVR/Input/Editor/Resources/Icons/BlenderBehaviour_Analog_Icon.png using Guid(aa701b1f3ae438e469d0ad4f122a0633) Importer(815301076,1909f56bfc062723c751e8b465ee728b)  -> (artifact id: '61507ce01063f021787f79b15d879880') in 0.007249 seconds 
========================================================================
Received Import Request.
  Time since last request: 0.000024 seconds.
  path: Assets/SteamVR/InteractionSystem/Core/Materials/HoverHighlight.mat
  artifactKey: Guid(7b939e5e799d98a469f594828ebab52e) Importer(815301076,1909f56bfc062723c751e8b465ee728b)
Start importing Assets/SteamVR/InteractionSystem/Core/Materials/HoverHighlight.mat using Guid(7b939e5e799d98a469f594828ebab52e) Importer(815301076,1909f56bfc062723c751e8b465ee728b)  -> (artifact id: 'f401f317dd4c87523993da5f1f9daf93') in 0.006094 seconds 
========================================================================
Received Import Request.
  Time since last request: 0.000016 seconds.
  path: Assets/SteamVR/InteractionSystem/Samples/BuggyBuddy/Textures/controlerbuggy_LO_BuggyController_MetallicSmoothness.png
  artifactKey: Guid(f953b4ec1bb0a834cadc594cf2a5bca0) Importer(815301076,1909f56bfc062723c751e8b465ee728b)
Start importing Assets/SteamVR/InteractionSystem/Samples/BuggyBuddy/Textures/controlerbuggy_LO_BuggyController_MetallicSmoothness.png using Guid(f953b4ec1bb0a834cadc594cf2a5bca0) Importer(815301076,1909f56bfc062723c751e8b465ee728b)  -> (artifact id: 'fef19ae990a7cfacb6338f6b1c5ced4a') in 0.006047 seconds 
========================================================================
Received Import Request.
  Time since last request: 0.000027 seconds.
  path: Assets/SteamVR/InteractionSystem/Samples/Grenade/Grenade.fbx
  artifactKey: Guid(4fb2904dac114a24da3aa9af947011a4) Importer(815301076,1909f56bfc062723c751e8b465ee728b)
Start importing Assets/SteamVR/InteractionSystem/Samples/Grenade/Grenade.fbx using Guid(4fb2904dac114a24da3aa9af947011a4) Importer(815301076,1909f56bfc062723c751e8b465ee728b)  -> (artifact id: '342088ef155f8e3609f91524261022db') in 0.085471 seconds 
========================================================================
Received Import Request.
  Time since last request: 0.000030 seconds.
  path: Assets/SteamVR/InteractionSystem/Samples/BuggyBuddy/Materials/BuggyController.mat
  artifactKey: Guid(8429e69bebe55ae4392d143cc550134f) Importer(815301076,1909f56bfc062723c751e8b465ee728b)
Start importing Assets/SteamVR/InteractionSystem/Samples/BuggyBuddy/Materials/BuggyController.mat using Guid(8429e69bebe55ae4392d143cc550134f) Importer(815301076,1909f56bfc062723c751e8b465ee728b)  -> (artifact id: 'd78f1b011a73f856fb97b7e2610f467d') in 0.009849 seconds 
========================================================================
Received Import Request.
  Time since last request: 0.000017 seconds.
  path: Assets/SteamVR/InteractionSystem/Longbow/Prefabs/LongbowPreview.prefab
  artifactKey: Guid(a5b684916cfe6804985d74652a2af09f) Importer(815301076,1909f56bfc062723c751e8b465ee728b)
Start importing Assets/SteamVR/InteractionSystem/Longbow/Prefabs/LongbowPreview.prefab using Guid(a5b684916cfe6804985d74652a2af09f) Importer(815301076,1909f56bfc062723c751e8b465ee728b)  -> (artifact id: '0691ed8ead6b057c32abd67b589d86ac') in 0.012431 seconds 
========================================================================
Received Import Request.
  Time since last request: 0.000027 seconds.
  path: Assets/SteamVR/InteractionSystem/Poses/longbowArrowPose.asset
  artifactKey: Guid(12d7f50e857b2f44a87430b50a8a0c25) Importer(815301076,1909f56bfc062723c751e8b465ee728b)
Start importing Assets/SteamVR/InteractionSystem/Poses/longbowArrowPose.asset using Guid(12d7f50e857b2f44a87430b50a8a0c25) Importer(815301076,1909f56bfc062723c751e8b465ee728b)  -> (artifact id: '0a9180714c203ecc544918d83f544ba0') in 0.003335 seconds 
========================================================================
Received Import Request.
  Time since last request: 0.000019 seconds.
  path: Assets/SteamVR/InteractionSystem/Longbow/Materials/Longbow.mat
  artifactKey: Guid(921837a5408991d429e86efc66f8be6b) Importer(815301076,1909f56bfc062723c751e8b465ee728b)
Start importing Assets/SteamVR/InteractionSystem/Longbow/Materials/Longbow.mat using Guid(921837a5408991d429e86efc66f8be6b) Importer(815301076,1909f56bfc062723c751e8b465ee728b)  -> (artifact id: 'b063436a8c289dc490912a2763a5b671') in 0.007202 seconds 
========================================================================
Received Import Request.
  Time since last request: 0.000016 seconds.
  path: Assets/SteamVR/InteractionSystem/Samples/BuggyBuddy/Buggy Controller.fbx
  artifactKey: Guid(02842627faccabf418acf404c32f7b7a) Importer(815301076,1909f56bfc062723c751e8b465ee728b)
Start importing Assets/SteamVR/InteractionSystem/Samples/BuggyBuddy/Buggy Controller.fbx using Guid(02842627faccabf418acf404c32f7b7a) Importer(815301076,1909f56bfc062723c751e8b465ee728b)  -> (artifact id: 'eb0662036c17cb5b99c3cc25fc39fffa') in 0.039820 seconds 
========================================================================
Received Import Request.
  Time since last request: 0.000023 seconds.
  path: Assets/SteamVR/InteractionSystem/Longbow/Textures/Longbow.png
  artifactKey: Guid(9d88069c3ec0f1149b35980735852c65) Importer(815301076,1909f56bfc062723c751e8b465ee728b)
Start importing Assets/SteamVR/InteractionSystem/Longbow/Textures/Longbow.png using Guid(9d88069c3ec0f1149b35980735852c65) Importer(815301076,1909f56bfc062723c751e8b465ee728b)  -> (artifact id: 'e14232ce43db167733b0986a2b5f8d80') in 0.005702 seconds 
========================================================================
Received Import Request.
  Time since last request: 0.000017 seconds.
  path: Assets/SteamVR/InteractionSystem/Longbow/Sounds/ArrowFallGround05.wav
  artifactKey: Guid(da7243059d8ed744abfe851fd03f8405) Importer(815301076,1909f56bfc062723c751e8b465ee728b)
Start importing Assets/SteamVR/InteractionSystem/Longbow/Sounds/ArrowFallGround05.wav using Guid(da7243059d8ed744abfe851fd03f8405) Importer(815301076,1909f56bfc062723c751e8b465ee728b)  -> (artifact id: '00bd3ce62d6475cff6eaf4227bf45713') in 0.004595 seconds 
========================================================================
Received Import Request.
  Time since last request: 0.000022 seconds.
  path: Assets/SteamVR/InteractionSystem/Samples/JoeJeff/JoeJeff.fbx
  artifactKey: Guid(f50eaab9ff2788842bdf5c2875f3778b) Importer(815301076,1909f56bfc062723c751e8b465ee728b)
Start importing Assets/SteamVR/InteractionSystem/Samples/JoeJeff/JoeJeff.fbx using Guid(f50eaab9ff2788842bdf5c2875f3778b) Importer(815301076,1909f56bfc062723c751e8b465ee728b)  -> (artifact id: '89d0aae1489625255b78b954427a4810') in 0.018252 seconds 
Editor requested this worker to shutdown with reason: Scaling down because of idle timeout
AssetImportWorker is now disconnected from the server
Process exiting
Exiting without the bug reporter. Application will terminate with return code 0